<?xml version="1.0" encoding="UTF-8"?>
<testng-results ignored="0" total="1" passed="1" failed="0" skipped="0">
  <reporter-output>
  </reporter-output>
  <suite started-at="2022-08-17T08:36:01 IST" name="Default suite" finished-at="2022-08-17T08:36:17 IST" duration-ms="15843">
    <groups>
    </groups>
    <test started-at="2022-08-17T08:36:01 IST" name="Default test" finished-at="2022-08-17T08:36:17 IST" duration-ms="15843">
      <class name="test_2_testNG.test_scroll_handle">
        <test-method signature="Scroll_handle()[pri:0, instance:test_2_testNG.test_scroll_handle@3835c46]" started-at="2022-08-17T08:36:01 IST" name="Scroll_handle" finished-at="2022-08-17T08:36:17 IST" duration-ms="15801" status="PASS">
          <reporter-output>
          </reporter-output>
        </test-method> <!-- Scroll_handle -->
      </class> <!-- test_2_testNG.test_scroll_handle -->
    </test> <!-- Default test -->
  </suite> <!-- Default suite -->
</testng-results>
